digraph path {
	graph [bb="0,0,634,384"];
	node [label="\N"];
	0	 [height=0.5,
		pos="214,366",
		width=0.75];
	2	 [height=0.5,
		pos="69,279",
		width=0.75];
	0 -> 2	 [label="  1.0",
		lp="82.5,322.5",
		pos="e,64.504,297.06 187.29,362.35 149.8,358.03 84.491,348.06 70,330 64.881,323.62 63.394,315.16 63.56,307.02"];
	0 -> 2	 [color=red,
		pos="e,83.803,294.55 189.99,357.32 172.44,351.19 148.41,341.7 129,330 115.68,321.96 102.24,311.09 91.473,301.53"];
	1	 [height=0.5,
		pos="238,279",
		width=0.75];
	0 -> 1	 [label="  1.0",
		lp="208.5,322.5",
		pos="e,217.8,291.31 202.06,349.38 195.93,339.37 190.76,326.2 196,315 199.08,308.42 204.08,302.64 209.57,297.78"];
	3	 [height=0.5,
		pos="462,279",
		width=0.75];
	0 -> 3	 [label="  1.0",
		lp="370.5,322.5",
		pos="e,438.43,287.86 237.42,356.79 265.9,346.83 315.43,329.55 358,315 381.7,306.9 408.49,297.88 428.94,291.03"];
	2 -> 0	 [label="  1.0",
		lp="163.5,322.5",
		pos="e,194.44,353.54 88.709,291.55 113.76,306.24 157.16,331.68 185.73,348.43"];
	7	 [height=0.5,
		pos="27,192",
		width=0.75];
	2 -> 7	 [label="  1.0",
		lp="29.5,235.5",
		pos="e,18.553,209.11 46.301,268.9 35.341,263.22 23.239,254.72 17,243 13.081,235.64 13.401,226.92 15.371,218.85"];
	6	 [height=0.5,
		pos="111,192",
		width=0.75];
	13	 [height=0.5,
		pos="98,105",
		width=0.75];
	6 -> 13	 [label="  1.0",
		lp="87.5,148.5",
		pos="e,84.243,120.77 92.869,178.45 85.903,172.54 78.732,164.83 75,156 71.286,147.21 73.971,137.67 78.627,129.3"];
	6 -> 1	 [label="  1.0",
		lp="180.5,235.5",
		pos="e,215.75,268.65 125.61,207.71 136.65,218.33 152.49,232.57 168,243 180.04,251.09 194.22,258.53 206.65,264.44"];
	14	 [height=0.5,
		pos="585,105",
		width=0.75];
	9	 [height=0.5,
		pos="530,18",
		width=0.75];
	14 -> 9	 [label="  1.0",
		lp="572.5,61.5",
		pos="e,540.3,34.916 574.65,88.012 566.51,75.427 555.03,57.679 545.74,43.333"];
	8	 [height=0.5,
		pos="595,192",
		width=0.75];
	14 -> 8	 [label="  1.0",
		lp="621.5,148.5",
		pos="e,603.78,174.7 597.65,121.05 601.79,126.9 605.87,133.89 608,141 610.32,148.77 609.39,157.28 607.2,165.05"];
	13 -> 6	 [label="  1.0",
		lp="118.5,148.5",
		pos="e,108.37,173.8 100.63,123.18 102.41,134.81 104.79,150.42 106.83,163.73"];
	15	 [height=0.5,
		pos="398,105",
		width=0.75];
	10	 [height=0.5,
		pos="410,192",
		width=0.75];
	15 -> 10	 [label="  1.0",
		lp="417.5,148.5",
		pos="e,407.57,173.8 400.42,123.18 402.07,134.81 404.27,150.42 406.15,163.73"];
	12	 [height=0.5,
		pos="182,105",
		width=0.75];
	5	 [height=0.5,
		pos="205,192",
		width=0.75];
	12 -> 5	 [label="  1.0",
		lp="207.5,148.5",
		pos="e,200.46,174.21 186.53,122.76 189.75,134.62 194.12,150.79 197.8,164.4"];
	11	 [height=0.5,
		pos="288,105",
		width=0.75];
	4	 [height=0.5,
		pos="305,192",
		width=0.75];
	11 -> 4	 [label="  1.0",
		lp="310.5,148.5",
		pos="e,301.56,173.8 291.38,122.89 293.71,134.53 296.85,150.25 299.53,163.66"];
	10 -> 15	 [label="  1.0",
		lp="387.5,148.5",
		pos="e,384.3,120.75 392.36,178.35 385.59,172.42 378.62,164.73 375,156 371.35,147.18 374.05,137.64 378.7,129.27"];
	10 -> 3	 [label="  1.0",
		lp="452.5,235.5",
		pos="e,452.22,262.01 419.74,208.92 427.35,221.36 438.08,238.89 446.81,253.18"];
	9 -> 3	 [label="  1.0",
		lp="538.5,148.5",
		pos="e,478.87,264.65 530.84,36.059 532.06,74.968 531.07,172.36 496,243 493.46,248.12 489.89,252.98 486.02,257.35"];
	8 -> 14	 [label="  1.0",
		lp="591.5,148.5",
		pos="e,580.21,122.8 585.83,174.77 583.06,169.03 580.39,162.4 579,156 577.38,148.57 577.56,140.41 578.49,132.88"];
	8 -> 3	 [label="  1.0",
		lp="607.5,235.5",
		pos="e,489.14,278.73 597.42,210.19 597.93,220.84 596.64,234.12 589,243 567.01,268.55 528.24,276.28 499.3,278.24"];
	5 -> 12	 [label="  1.0",
		lp="176.5,148.5",
		pos="e,170.1,121.59 185.27,179.58 177.09,173.69 168.47,165.69 164,156 160.28,147.93 161.91,138.86 165.38,130.67"];
	5 -> 1	 [label="  1.0",
		lp="245.5,235.5",
		pos="e,236.23,260.86 216.9,208.31 220.96,214.19 225.18,221.14 228,228 230.96,235.21 233.06,243.37 234.55,250.97"];
	7 -> 2	 [label="  1.0",
		lp="63.5,235.5",
		pos="e,60.902,261.61 35.073,209.34 41.11,221.56 49.478,238.49 56.393,252.49"];
	4 -> 11	 [label="  1.0",
		lp="279.5,148.5",
		pos="e,275.09,120.93 286.29,178.97 278.81,173.05 271.03,165.2 267,156 263.22,147.39 265.59,137.89 269.88,129.5"];
	4 -> 1	 [label="  1.0",
		lp="340.5,235.5",
		pos="e,264.71,274.98 317.95,208.3 325.07,218.67 331.15,232.37 324,243 312.97,259.4 292.77,268.12 274.73,272.75"];
	1 -> 0	 [label="  1.0",
		lp="240.5,322.5",
		pos="e,218.74,348.21 233.27,296.76 229.92,308.62 225.35,324.79 221.51,338.4"];
	1 -> 0	 [color=red,
		pos="e,234.66,353.79 250.19,295.14 256.72,305.2 262.42,318.59 257,330 253.76,336.81 248.47,342.74 242.7,347.67"];
	1 -> 6	 [label="  1.0",
		lp="133.5,235.5",
		pos="e,110.21,210.27 210.62,277.51 183.84,275.48 143.84,268.08 121,243 115.38,236.83 112.55,228.43 111.2,220.28"];
	1 -> 5	 [label="  1.0",
		lp="211.5,235.5",
		pos="e,198.7,209.87 218.8,266.07 211.14,260.17 203.15,252.31 199,243 195.82,235.86 195.59,227.62 196.64,219.9"];
	1 -> 4	 [label="  1.0",
		lp="288.5,235.5",
		pos="e,292.9,208.35 249.98,262.8 260.11,249.95 274.8,231.32 286.45,216.54"];
	3 -> 0	 [label="  1.0",
		lp="428.5,322.5",
		pos="e,240.72,362.82 445.8,293.53 431.29,304.96 408.97,320.87 387,330 342.19,348.62 286.61,357.6 250.74,361.74"];
	3 -> 10	 [label="  1.0",
		lp="416.5,235.5",
		pos="e,403.15,209.75 438.25,270.2 425.67,264.72 411.34,256.01 404,243 400.06,236.01 399.71,227.61 400.89,219.7"];
	3 -> 9	 [label="  1.0",
		lp="507.5,148.5",
		pos="e,524.9,35.91 465.83,261.07 471.76,235.13 483.64,184.05 495,141 503.7,108 514.69,70.278 522,45.624"];
	3 -> 8	 [label="  1.0",
		lp="570.5,235.5",
		pos="e,580.53,207.42 485.51,269.93 501.79,263.8 523.58,254.46 541,243 547.83,238.51 561.32,226.01 573.11,214.64"];
}
