digraph tree {
	graph [bb="0,0,794.82,384"];
	node [label="\N"];
	0	 [height=0.5,
		pos="244.82,366",
		width=0.75];
	2	 [height=0.5,
		pos="81.817,279",
		width=0.75];
	0 -> 2	 [label="  1.0",
		lp="95.317,322.5",
		pos="e,77.242,297.12 217.91,363.13 176.39,359.62 99.693,350.49 82.817,330 77.616,323.69 76.108,315.25 76.279,307.1"];
	0 -> 2	 [color=red,
		pos="e,93.644,295.35 219.32,359.27 198.31,353.18 168.75,342.68 144.82,330 129.52,321.9 113.6,311.12 101.42,301.65"];
	0 -> 2	 [color=red,
		pos="e,102.32,291.01 222.73,355.54 205.78,349.3 182.41,340.38 162.82,330 144.83,320.47 125.98,307.25 110.8,296.8"];
	1	 [height=0.5,
		pos="268.82,279",
		width=0.75];
	0 -> 1	 [label="  1.0",
		lp="239.32,322.5",
		pos="e,248.62,291.31 232.88,349.38 226.75,339.37 221.57,326.2 226.82,315 229.9,308.42 234.9,302.64 240.39,297.78"];
	3	 [height=0.5,
		pos="578.82,279",
		width=0.75];
	0 -> 3	 [label="  1.0",
		lp="444.32,322.5",
		pos="e,553.82,286.36 269.65,358.68 328.46,343.71 476.39,306.07 544.06,288.85"];
	0 -> 3	 [color=red,
		pos="e,558.06,290.61 271.53,362.75 312.79,358.82 394.2,349.21 460.82,330 491.82,321.06 525.56,306.2 548.99,295"];
	2 -> 0	 [label="  1.0",
		lp="192.32,322.5",
		pos="e,224.34,353.96 102.7,290.46 116.42,297.36 134.73,306.64 150.82,315 172.57,326.3 197,339.31 215.51,349.22"];
	7	 [height=0.5,
		pos="41.817,192",
		width=0.75];
	2 -> 7	 [label="  1.0",
		lp="15.317,235.5",
		pos="e,22.384,204.7 55.683,273.98 37.471,269.67 14.435,260.85 2.8168,243 -4.3822,231.94 3.7169,220.27 14.364,210.99"];
	2 -> 7	 [color=red,
		pos="e,45.006,210.23 68.87,263.11 64.224,257.17 59.283,250.07 55.817,243 52.324,235.88 49.578,227.74 47.478,220.14"];
	6	 [height=0.5,
		pos="147.82,192",
		width=0.75];
	13	 [height=0.5,
		pos="147.82,105",
		width=0.75];
	6 -> 13	 [label="  1.0",
		lp="121.32,148.5",
		pos="e,128.62,117.93 128.51,179.17 115.69,169.68 102.31,155.58 108.82,141 111.54,134.89 115.92,129.41 120.77,124.69"];
	6 -> 13	 [color=red,
		pos="e,147.82,123.18 147.82,173.8 147.82,162.16 147.82,146.55 147.82,133.24"];
	6 -> 1	 [label="  1.0",
		lp="161.32,235.5",
		pos="e,241.59,278.63 143.46,209.95 141.8,220.5 141.74,233.76 148.82,243 167.94,267.98 203.89,275.89 231.48,278.06"];
	14	 [height=0.5,
		pos="700.82,105",
		width=0.75];
	9	 [height=0.5,
		pos="660.82,18",
		width=0.75];
	14 -> 9	 [label="  1.0",
		lp="695.32,61.5",
		pos="e,668.51,35.339 693.1,87.611 687.35,75.382 679.38,58.443 672.8,44.456"];
	8	 [height=0.5,
		pos="701.82,192",
		width=0.75];
	14 -> 8	 [label="  1.0",
		lp="713.32,148.5",
		pos="e,701.61,173.8 701.02,123.18 701.16,134.81 701.34,150.42 701.5,163.73"];
	13 -> 6	 [label="  1.0",
		lp="172.32,148.5",
		pos="e,154.61,174.43 154.25,122.84 156.11,128.52 157.89,134.96 158.82,141 160,148.73 159.07,157.06 157.34,164.65"];
	15	 [height=0.5,
		pos="510.82,105",
		width=0.75];
	10	 [height=0.5,
		pos="510.82,192",
		width=0.75];
	15 -> 10	 [label="  1.0",
		lp="520.32,148.5",
		pos="e,508.92,173.88 509.06,123.07 508.55,128.77 508.07,135.15 507.82,141 507.5,148.36 507.72,156.31 508.16,163.67"];
	12	 [height=0.5,
		pos="268.82,105",
		width=0.75];
	5	 [height=0.5,
		pos="268.82,192",
		width=0.75];
	12 -> 5	 [label="  1.0",
		lp="281.32,148.5",
		pos="e,268.82,173.8 268.82,123.18 268.82,134.81 268.82,150.42 268.82,163.73"];
	11	 [height=0.5,
		pos="389.82,105",
		width=0.75];
	4	 [height=0.5,
		pos="389.82,192",
		width=0.75];
	11 -> 4	 [label="  1.0",
		lp="402.32,148.5",
		pos="e,389.82,173.8 389.82,123.18 389.82,134.81 389.82,150.42 389.82,163.73"];
	10 -> 15	 [label="  1.0",
		lp="551.32,148.5",
		pos="e,525.35,120.33 524.82,176.54 529.59,170.65 534.34,163.47 536.82,156 539.92,146.62 536.53,136.87 531.29,128.49"];
	10 -> 15	 [color=red,
		pos="e,506.39,123.08 506.72,174.01 505.53,168.32 504.4,161.92 503.82,156 503.08,148.53 503.62,140.46 504.66,133.03"];
	10 -> 3	 [label="  1.0",
		lp="524.32,235.5",
		pos="e,553.98,271.91 507.04,209.97 505.7,220.27 505.78,233.26 511.82,243 519.2,254.91 532.08,262.98 544.59,268.33"];
	9 -> 3	 [label="  1.0",
		lp="660.32,148.5",
		pos="e,595.44,264.52 660.33,36.104 658.56,75.106 650.42,172.68 612.82,243 610.12,248.04 606.48,252.86 602.59,257.22"];
	8 -> 14	 [label="  1.0",
		lp="743.32,148.5",
		pos="e,716.1,119.86 717.15,177.16 725.97,167.44 734.47,153.92 729.82,141 728.13,136.33 725.52,131.84 722.55,127.72"];
	8 -> 14	 [color=red,
		pos="e,698.17,123.12 698.89,173.96 698.04,168.27 697.23,161.88 696.82,156 696.29,148.56 696.56,140.5 697.16,133.07"];
	8 -> 3	 [label="  1.0",
		lp="697.32,235.5",
		pos="e,604.79,273.35 695.55,209.86 690.78,220.64 683.25,234.2 672.82,243 656.23,256.99 633.52,265.66 614.58,270.86"];
	5 -> 12	 [label="  1.0",
		lp="309.32,148.5",
		pos="e,283.35,120.33 282.82,176.54 287.59,170.65 292.34,163.47 294.82,156 297.92,146.62 294.53,136.87 289.29,128.49"];
	5 -> 12	 [color=red,
		pos="e,266.29,123.11 266.47,173.94 265.8,168.25 265.15,161.86 264.82,156 264.39,148.55 264.7,140.49 265.3,133.06"];
	5 -> 1	 [label="  1.0",
		lp="281.32,235.5",
		pos="e,268.82,260.8 268.82,210.18 268.82,221.81 268.82,237.42 268.82,250.73"];
	7 -> 2	 [label="  1.0",
		lp="77.317,235.5",
		pos="e,74.104,261.61 49.506,209.34 55.254,221.56 63.225,238.49 69.81,252.49"];
	4 -> 11	 [label="  1.0",
		lp="430.32,148.5",
		pos="e,404.35,120.33 403.82,176.54 408.59,170.65 413.34,163.47 415.82,156 418.92,146.62 415.53,136.87 410.29,128.49"];
	4 -> 11	 [color=red,
		pos="e,387.47,123.06 387.29,173.89 386.15,164.24 385.19,151.95 385.82,141 385.96,138.44 386.17,135.77 386.41,133.11"];
	4 -> 1	 [label="  1.0",
		lp="391.32,235.5",
		pos="e,295.37,274.53 386.08,209.88 382.89,220.66 377.27,234.23 367.82,243 350.67,258.91 325.84,267.67 305.33,272.44"];
	1 -> 0	 [label="  1.0",
		lp="271.32,322.5",
		pos="e,249.56,348.21 264.09,296.76 260.73,308.62 256.17,324.79 252.33,338.4"];
	1 -> 0	 [color=red,
		pos="e,265.48,353.79 281,295.14 287.54,305.2 293.24,318.59 287.82,330 284.58,336.81 279.29,342.74 273.52,347.67"];
	1 -> 6	 [label="  1.0",
		lp="228.32,235.5",
		pos="e,165.74,205.59 250.96,265.46 230.68,251.21 197.38,227.82 174.12,211.48"];
	1 -> 6	 [color=red,
		pos="e,139.4,209.4 242.53,274.63 208.54,269.68 152.22,259.22 139.82,243 134.65,236.25 134.53,227.46 136.38,219.15"];
	1 -> 5	 [label="  1.0",
		lp="309.32,235.5",
		pos="e,283.35,207.33 282.82,263.54 287.59,257.65 292.34,250.47 294.82,243 297.92,233.62 294.53,223.87 289.29,215.49"];
	1 -> 5	 [color=red,
		pos="e,266.29,210.11 266.47,260.94 265.8,255.25 265.15,248.86 264.82,243 264.39,235.55 264.7,227.49 265.3,220.06"];
	1 -> 4	 [label="  1.0",
		lp="424.32,235.5",
		pos="e,402.45,208.22 295.26,275.17 331.62,270.68 394.13,260.57 407.82,243 413.71,235.44 411.85,225.78 407.57,216.97"];
	1 -> 4	 [color=red,
		pos="e,373.63,206.47 288.69,266.55 299.8,259.95 313.8,251.35 325.82,243 339.33,233.62 353.82,222.4 365.59,212.97"];
	3 -> 0	 [label="  1.0",
		lp="545.32,322.5",
		pos="e,271.88,365.29 563.04,293.66 548.63,305.33 526.22,321.54 503.82,330 428.72,358.37 333.72,364.24 282.2,365.16"];
	3 -> 10	 [label="  1.0",
		lp="562.32,235.5",
		pos="e,523.1,208.35 566.66,262.8 556.38,249.95 541.47,231.32 529.65,216.54"];
	3 -> 10	 [color=red,
		pos="e,503.26,209.49 552.86,273.31 535.73,268.72 514.55,259.85 503.82,243 499.38,236.03 499.16,227.42 500.65,219.32"];
	3 -> 9	 [label="  1.0",
		lp="782.32,148.5",
		pos="e,680.81,30.606 605.71,276.07 648.16,272.44 727.84,263.09 746.82,243 794.52,192.49 771.67,147.1 736.82,87 727.59,71.082 725.13,66.702 \
711.82,54 705.12,47.606 697.14,41.548 689.51,36.324"];
	3 -> 9	 [color=red,
		pos="e,655.52,35.72 584.2,261.01 598.16,216.9 635.63,98.543 652.45,45.431"];
	3 -> 8	 [label="  1.0",
		lp="730.32,235.5",
		pos="e,711.92,208.87 605.4,274.94 640.85,270.25 700.67,259.99 713.82,243 719.29,235.92 718.64,226.72 715.82,218.14"];
	3 -> 8	 [color=red,
		pos="e,688.09,207.75 601.14,268.59 615.1,262.26 633.16,253.21 647.82,243 659.57,234.82 671.37,224.22 680.94,214.89"];
}
